[ 2016-11-21T12:27:32+08:00 ] ::1 /koudai/kdxs/index.php?data_type=1
INFO: [ app_init ] --START--
INFO: Run Behavior\BuildLiteBehavior [ RunTime:0.000062s ]
INFO: [ app_init ] --END-- [ RunTime:0.015030s ]
INFO: [ app_begin ] --START--
INFO: Run Behavior\ReadHtmlCacheBehavior [ RunTime:0.017719s ]
INFO: [ app_begin ] --END-- [ RunTime:0.017965s ]
SQL: SHOW COLUMNS FROM `tari` [ RunTime:0.0162s ]
SQL: SELECT * FROM `tari` WHERE ( data_type=1 )  [ RunTime:0.0006s ]
INFO: [ view_parse ] --START--
INFO: [ template_filter ] --START--
INFO: Run Behavior\ContentReplaceBehavior [ RunTime:0.000092s ]
INFO: [ template_filter ] --END-- [ RunTime:0.000242s ]
INFO: Run Behavior\ParseTemplateBehavior [ RunTime:0.223551s ]
INFO: [ view_parse ] --END-- [ RunTime:0.223803s ]
INFO: [ view_filter ] --START--
INFO: Run Behavior\WriteHtmlCacheBehavior [ RunTime:0.016706s ]
INFO: [ view_filter ] --END-- [ RunTime:0.017005s ]
INFO: [ app_end ] --START--
INFO: Run Behavior\ShowPageTraceBehavior [ RunTime:0.013568s ]
INFO: [ app_end ] --END-- [ RunTime:0.013864s ]

